  pq_flash_index_nsg.cpp
c:\users\t-sujs\source\repos\nsg\include\efanna2e\timer.h(21): warning C4244: 'return': conversion from '_Rep' to 'uint32_t', possible loss of data
          with
          [
              _Rep=__int64
          ]
c:\users\t-sujs\source\repos\nsg\src\pq_flash_index_nsg.cpp(304): warning C4244: 'argument': conversion from '_u64' to 'unsigned int', possible loss of data
c:\users\t-sujs\source\repos\nsg\src\pq_flash_index_nsg.cpp(305): warning C4244: 'argument': conversion from '_u64' to 'unsigned int', possible loss of data
c:\users\t-sujs\source\repos\nsg\src\pq_flash_index_nsg.cpp(316): warning C4244: 'argument': conversion from '_u64' to 'unsigned int', possible loss of data
c:\users\t-sujs\source\repos\nsg\src\pq_flash_index_nsg.cpp(350): warning C4244: 'initializing': conversion from '_Ty' to 'unsigned int', possible loss of data
          with
          [
              _Ty=_u64
          ]
c:\users\t-sujs\source\repos\nsg\src\pq_flash_index_nsg.cpp(387): warning C4244: 'argument': conversion from '_u64' to 'unsigned int', possible loss of data
c:\users\t-sujs\source\repos\nsg\src\pq_flash_index_nsg.cpp(395): warning C4244: 'argument': conversion from 'const _u64' to 'unsigned int', possible loss of data
c:\users\t-sujs\source\repos\nsg\src\pq_flash_index_nsg.cpp(458): warning C4244: 'argument': conversion from '_u64' to 'unsigned int', possible loss of data
c:\users\t-sujs\source\repos\nsg\src\pq_flash_index_nsg.cpp(461): warning C4244: 'argument': conversion from '_u64' to 'unsigned int', possible loss of data
c:\users\t-sujs\source\repos\nsg\src\pq_flash_index_nsg.cpp(472): warning C4244: 'argument': conversion from '_u64' to 'unsigned int', possible loss of data
c:\users\t-sujs\source\repos\nsg\src\pq_flash_index_nsg.cpp(510): warning C4244: 'initializing': conversion from '_Ty' to 'unsigned int', possible loss of data
          with
          [
              _Ty=_u64
          ]
c:\users\t-sujs\source\repos\nsg\src\pq_flash_index_nsg.cpp(567): warning C4244: 'argument': conversion from '_u64' to 'unsigned int', possible loss of data
c:\users\t-sujs\source\repos\nsg\src\pq_flash_index_nsg.cpp(577): warning C4244: 'argument': conversion from 'const _u64' to 'unsigned int', possible loss of data
c:\users\t-sujs\source\repos\nsg\src\pq_flash_index_nsg.cpp(600): warning C4244: 'argument': conversion from '_u64' to 'unsigned int', possible loss of data
c:\users\t-sujs\source\repos\nsg\src\pq_flash_index_nsg.cpp(610): warning C4244: 'argument': conversion from 'const _u64' to 'unsigned int', possible loss of data
c:\users\t-sujs\source\repos\nsg\src\pq_flash_index_nsg.cpp(640): warning C4244: 'argument': conversion from '_u64' to 'unsigned int', possible loss of data
c:\users\t-sujs\source\repos\nsg\include\efanna2e\util.h(163): warning C4267: '=': conversion from 'size_t' to 'unsigned int', possible loss of data
  c:\users\t-sujs\source\repos\nsg\include\efanna2e\pq_table.h(82): note: see reference to function template instantiation 'void NSG::load_Tvecs<float>(const char *,T *&,unsigned int &,unsigned int &)' being compiled
          with
          [
              T=float
          ]
  c:\users\t-sujs\source\repos\nsg\include\tsl\robin_growth_policy.h(237): note: see reference to class template instantiation 'std::array<size_t,40>' being compiled
c:\users\t-sujs\source\repos\nsg\include\efanna2e\util.h(445): warning C4244: 'argument': conversion from '_u64' to 'DWORD', possible loss of data
  c:\users\t-sujs\source\repos\nsg\include\efanna2e\pq_table.h(91): note: see reference to function template instantiation 'void NSG::block_load_convert_Tvecs<_u32,_u16>(const char *,Mtype *&,_u64 &,_u64 &)' being compiled
          with
          [
              Mtype=_u16
          ]
c:\program files (x86)\microsoft visual studio\2017\enterprise\vc\tools\msvc\14.16.27023\include\utility(239): warning C4244: 'initializing': conversion from '_Ty' to '_Ty1', possible loss of data
          with
          [
              _Ty=_u64
          ]
          and
          [
              _Ty1=int
          ]
  c:\users\t-sujs\source\repos\nsg\src\pq_flash_index_nsg.cpp(422): note: see reference to function template instantiation 'std::pair<int,int>::pair<unsigned __int64,unsigned __int64,0>(std::pair<unsigned __int64,unsigned __int64> &&) noexcept' being compiled
  c:\users\t-sujs\source\repos\nsg\src\pq_flash_index_nsg.cpp(422): note: see reference to function template instantiation 'std::pair<int,int>::pair<unsigned __int64,unsigned __int64,0>(std::pair<unsigned __int64,unsigned __int64> &&) noexcept' being compiled
c:\program files (x86)\microsoft visual studio\2017\enterprise\vc\tools\msvc\14.16.27023\include\utility(240): warning C4244: 'initializing': conversion from '_Ty' to '_Ty2', possible loss of data
          with
          [
              _Ty=_u64
          ]
          and
          [
              _Ty2=int
          ]
  test_pq_flash_nsg_search.cpp
c:\users\t-sujs\source\repos\nsg\include\efanna2e\timer.h(21): warning C4244: 'return': conversion from '_Rep' to 'uint32_t', possible loss of data
          with
          [
              _Rep=__int64
          ]
c:\users\t-sujs\source\repos\nsg\include\efanna2e\util.h(163): warning C4267: '=': conversion from 'size_t' to 'unsigned int', possible loss of data
  c:\users\t-sujs\source\repos\nsg\include\efanna2e\pq_table.h(82): note: see reference to function template instantiation 'void NSG::load_Tvecs<float>(const char *,T *&,unsigned int &,unsigned int &)' being compiled
          with
          [
              T=float
          ]
  c:\users\t-sujs\source\repos\nsg\include\tsl\robin_growth_policy.h(237): note: see reference to class template instantiation 'std::array<size_t,40>' being compiled
c:\users\t-sujs\source\repos\nsg\include\efanna2e\util.h(445): warning C4244: 'argument': conversion from '_u64' to 'DWORD', possible loss of data
  c:\users\t-sujs\source\repos\nsg\include\efanna2e\pq_table.h(91): note: see reference to function template instantiation 'void NSG::block_load_convert_Tvecs<_u32,_u16>(const char *,Mtype *&,_u64 &,_u64 &)' being compiled
          with
          [
              Mtype=_u16
          ]
c:\users\t-sujs\source\repos\nsg\include\efanna2e\util.h(247): warning C4267: '=': conversion from 'size_t' to 'unsigned int', possible loss of data
  c:\users\t-sujs\source\repos\nsg\tests\test_pq_flash_nsg_search.cpp(70): note: see reference to function template instantiation 'void NSG::aligned_load_Tvecs<float>(char *,T *&,unsigned int &,unsigned int &)' being compiled
          with
          [
              T=float
          ]
  Generating Code...
  nsg.vcxproj -> C:\Users\t-sujs\Source\Repos\nsg\x64\Debug\nsg.exe
